{
  "RSpec": {
    "coverage": {
      "/home/ilduchea/Epicodus/UCXGaming-api/spec/models/character_sheet_spec.rb": [
        1,
        null,
        1,
        2,
        2,
        2,
        2,
        2,
        null
      ],
      "/home/ilduchea/Epicodus/UCXGaming-api/spec/rails_helper.rb": [
        null,
        1,
        1,
        1,
        null,
        1,
        1,
        null,
        null,
        null,
        null,
        null,
        null,
        null,
        null,
        null,
        null,
        null,
        null,
        null,
        null,
        null,
        null,
        1,
        1,
        null,
        1,
        1,
        null,
        null,
        null,
        null,
        null,
        null,
        null,
        null,
        null,
        null,
        null,
        null,
        null,
        1,
        null,
        null,
        1,
        null,
        null,
        null,
        null,
        null,
        null,
        null,
        null,
        null,
        null
      ],
      "/home/ilduchea/Epicodus/UCXGaming-api/config/environment.rb": [
        null,
        1,
        null,
        null,
        1
      ],
      "/home/ilduchea/Epicodus/UCXGaming-api/config/application.rb": [
        1,
        null,
        1,
        null,
        1,
        1,
        null,
        1,
        1,
        1,
        1,
        null,
        null,
        null,
        null,
        null,
        null,
        null,
        1,
        null,
        1,
        1,
        null,
        1,
        null,
        null,
        null,
        null,
        null,
        null,
        null,
        null,
        1,
        null,
        null
      ],
      "/home/ilduchea/Epicodus/UCXGaming-api/config/boot.rb": [
        1,
        null,
        1
      ],
      "/home/ilduchea/Epicodus/UCXGaming-api/config/spring.rb": [
        null,
        null,
        null,
        null,
        null,
        5
      ],
      "/home/ilduchea/Epicodus/UCXGaming-api/config/environments/test.rb": [
        1,
        null,
        null,
        null,
        null,
        null,
        null,
        1,
        null,
        null,
        null,
        null,
        1,
        null,
        null,
        1,
        1,
        null,
        null,
        null,
        null,
        1,
        1,
        null,
        null,
        1,
        null,
        null,
        1,
        1,
        null,
        null,
        null,
        null,
        1,
        null,
        null,
        1,
        null,
        null,
        null,
        null
      ],
      "/home/ilduchea/Epicodus/UCXGaming-api/config/initializers/application_controller_renderer.rb": [
        null,
        null,
        null,
        null,
        null,
        null
      ],
      "/home/ilduchea/Epicodus/UCXGaming-api/config/initializers/backtrace_silencers.rb": [
        null,
        null,
        null,
        null,
        null,
        null,
        null
      ],
      "/home/ilduchea/Epicodus/UCXGaming-api/config/initializers/cors.rb": [
        null,
        null,
        null,
        null,
        null,
        null,
        null,
        null,
        null,
        null,
        null,
        null,
        null,
        null,
        null,
        null
      ],
      "/home/ilduchea/Epicodus/UCXGaming-api/config/initializers/filter_parameter_logging.rb": [
        null,
        null,
        null,
        1
      ],
      "/home/ilduchea/Epicodus/UCXGaming-api/config/initializers/inflections.rb": [
        null,
        null,
        null,
        null,
        null,
        null,
        null,
        null,
        null,
        null,
        null,
        null,
        null,
        null,
        null,
        null
      ],
      "/home/ilduchea/Epicodus/UCXGaming-api/config/initializers/mime_types.rb": [
        null,
        null,
        null,
        null
      ],
      "/home/ilduchea/Epicodus/UCXGaming-api/config/initializers/wrap_parameters.rb": [
        null,
        null,
        null,
        null,
        null,
        null,
        1,
        2,
        null
      ],
      "/home/ilduchea/Epicodus/UCXGaming-api/app/channels/application_cable/channel.rb": [
        1,
        1,
        null,
        null
      ],
      "/home/ilduchea/Epicodus/UCXGaming-api/app/channels/application_cable/connection.rb": [
        1,
        1,
        null,
        null
      ],
      "/home/ilduchea/Epicodus/UCXGaming-api/app/controllers/application_controller.rb": [
        1,
        1,
        null,
        1,
        1,
        null,
        null,
        null,
        null,
        null,
        null
      ],
      "/home/ilduchea/Epicodus/UCXGaming-api/app/controllers/concerns/response.rb": [
        1,
        1,
        6,
        null,
        null
      ],
      "/home/ilduchea/Epicodus/UCXGaming-api/app/controllers/game_systems_controller.rb": [
        1,
        null,
        1,
        0,
        0,
        null,
        null,
        1,
        0,
        0,
        null,
        null,
        1,
        6,
        5,
        null,
        null,
        1,
        0,
        0,
        0,
        null,
        null,
        null,
        null,
        null,
        1,
        0,
        0,
        0,
        null,
        null,
        null,
        null,
        null,
        1,
        1,
        6,
        null,
        null
      ],
      "/home/ilduchea/Epicodus/UCXGaming-api/app/jobs/application_job.rb": [
        1,
        null
      ],
      "/home/ilduchea/Epicodus/UCXGaming-api/app/mailers/application_mailer.rb": [
        1,
        1,
        1,
        null
      ],
      "/home/ilduchea/Epicodus/UCXGaming-api/app/models/character.rb": [
        1,
        1,
        1,
        null,
        1,
        1,
        null,
        1,
        null,
        1,
        null
      ],
      "/home/ilduchea/Epicodus/UCXGaming-api/app/models/character_sheet.rb": [
        1,
        1,
        1,
        null,
        1,
        1,
        null,
        1,
        null,
        1,
        1,
        null
      ],
      "/home/ilduchea/Epicodus/UCXGaming-api/app/models/game_system.rb": [
        1,
        1,
        1,
        null,
        1,
        1,
        null,
        1,
        null,
        1,
        1,
        1,
        null,
        null
      ],
      "/home/ilduchea/Epicodus/UCXGaming-api/app/models/section.rb": [
        1,
        1,
        null,
        1,
        1,
        1,
        null,
        1,
        null,
        1,
        null
      ],
      "/home/ilduchea/Epicodus/UCXGaming-api/app/models/trait.rb": [
        1,
        1,
        null,
        1,
        null,
        1,
        null,
        1,
        1,
        null
      ],
      "/home/ilduchea/Epicodus/UCXGaming-api/spec/factories/character_sheets.rb": [
        1,
        1,
        1,
        1,
        null,
        null
      ],
      "/home/ilduchea/Epicodus/UCXGaming-api/spec/factories/characters.rb": [
        1,
        1,
        null,
        null,
        null
      ],
      "/home/ilduchea/Epicodus/UCXGaming-api/spec/factories/game_systems.rb": [
        1,
        1,
        1,
        1,
        1,
        null,
        null
      ],
      "/home/ilduchea/Epicodus/UCXGaming-api/spec/factories/sections.rb": [
        1,
        1,
        1,
        null,
        null
      ],
      "/home/ilduchea/Epicodus/UCXGaming-api/spec/factories/traits.rb": [
        1,
        1,
        1,
        1,
        null,
        null
      ],
      "/home/ilduchea/Epicodus/UCXGaming-api/config/routes.rb": [
        1,
        null,
        1,
        3,
        null,
        null,
        1,
        1,
        1,
        null,
        null,
        1,
        1,
        null,
        null,
        1,
        1,
        null,
        null,
        1,
        1,
        null,
        null
      ],
      "/home/ilduchea/Epicodus/UCXGaming-api/spec/models/character_spec.rb": [
        1,
        null,
        1,
        2,
        2,
        2,
        2,
        null
      ],
      "/home/ilduchea/Epicodus/UCXGaming-api/spec/models/game_system_spec.rb": [
        1,
        null,
        1,
        2,
        2,
        2,
        2,
        2,
        null
      ],
      "/home/ilduchea/Epicodus/UCXGaming-api/spec/models/section_spec.rb": [
        1,
        null,
        1,
        2,
        2,
        2,
        2,
        2,
        2,
        2,
        null,
        null
      ],
      "/home/ilduchea/Epicodus/UCXGaming-api/spec/models/trait_spec.rb": [
        1,
        null,
        1,
        null,
        2,
        2,
        2,
        2,
        null
      ],
      "/home/ilduchea/Epicodus/UCXGaming-api/spec/requests/post_game_systems_spec.rb": [
        1,
        null,
        1,
        null,
        1,
        null,
        null,
        null,
        null,
        null,
        null,
        5,
        null,
        5,
        null,
        null,
        null,
        null,
        null,
        null,
        null,
        1,
        1,
        null,
        null,
        1,
        1,
        null,
        null,
        1,
        1,
        null,
        null,
        1,
        1,
        null,
        null,
        1,
        1,
        null,
        null,
        null,
        null,
        1,
        null,
        null
      ]
    },
    "timestamp": 1501133703
  }
}
